<?xml version="1.0" encoding="UTF-8"?>
<!-- Generated by org.testng.reporters.JUnitReportReporter -->
<testsuite hostname="DESKTOP-CPV6QQU" name="automate.Screenshot" tests="1" failures="0" timestamp="27 Sep 2019 03:58:41 GMT" time="33.220" errors="0">
  <testcase name="screenshot" time="33.220" classname="automate.Screenshot"/>
</testsuite> <!-- automate.Screenshot -->
