<?xml version="1.0" encoding="UTF-8"?>
<!-- Generated by org.testng.reporters.JUnitReportReporter -->
<testsuite hostname="DESKTOP-CPV6QQU" name="com.hrms.testscript.Tc_02" tests="1" failures="0" timestamp="26 Sep 2019 05:23:28 GMT" time="16.587" errors="0">
  <testcase name="tc2" time="16.587" classname="com.hrms.testscript.Tc_02"/>
</testsuite> <!-- com.hrms.testscript.Tc_02 -->
